0 info it worked if it ends with ok
1 verbose cli [ '/usr/local/bin/node', '/usr/local/bin/npm', 'publish' ]
2 info using npm@3.8.3
3 info using node@v5.10.1
4 verbose publish [ '.' ]
5 silly cache add args [ '.', null ]
6 verbose cache add spec .
7 silly cache add parsed spec Result {
7 silly cache add   raw: '.',
7 silly cache add   scope: null,
7 silly cache add   name: null,
7 silly cache add   rawSpec: '.',
7 silly cache add   spec: '/home/dmitry/projects/async',
7 silly cache add   type: 'directory' }
8 verbose addLocalDirectory /home/dmitry/.npm/shower/2.1.1/package.tgz not in flight; packing
9 verbose correctMkdir /home/dmitry/.npm correctMkdir not in flight; initializing
10 info lifecycle shower@2.1.1~prepublish: shower@2.1.1
11 silly lifecycle shower@2.1.1~prepublish: no script for prepublish, continuing
12 verbose tar pack [ '/home/dmitry/.npm/shower/2.1.1/package.tgz',
12 verbose tar pack   '/home/dmitry/projects/async' ]
13 verbose tarball /home/dmitry/.npm/shower/2.1.1/package.tgz
14 verbose folder /home/dmitry/projects/async
15 verbose addLocalTarball adding from inside cache /home/dmitry/.npm/shower/2.1.1/package.tgz
16 verbose correctMkdir /home/dmitry/.npm correctMkdir not in flight; initializing
17 silly cache afterAdd shower@2.1.1
18 verbose afterAdd /home/dmitry/.npm/shower/2.1.1/package/package.json not in flight; writing
19 verbose correctMkdir /home/dmitry/.npm correctMkdir not in flight; initializing
20 verbose afterAdd /home/dmitry/.npm/shower/2.1.1/package/package.json written
21 silly publish { name: 'shower',
21 silly publish   description: 'Shower HTML presentation engine',
21 silly publish   version: '2.1.1',
21 silly publish   author: { name: 'Vadim Makeev', url: 'http://pepelsbey.net/' },
21 silly publish   homepage: 'https://github.com/shower/shower',
21 silly publish   repository: { type: 'git', url: 'git://github.com/shower/shower.git' },
21 silly publish   bugs: { url: 'http://github.com/shower/shower/issues' },
21 silly publish   license: 'MIT',
21 silly publish   keywords: [ 'shower', 'presentation', 'template' ],
21 silly publish   files: [ 'pictures/**', 'index.html', 'LICENSE.md', 'README.md' ],
21 silly publish   dependencies:
21 silly publish    { 'shower-core': '^2.0.6',
21 silly publish      'shower-material': '^1.0.4',
21 silly publish      'shower-ribbon': '^2.0.5' },
21 silly publish   devDependencies:
21 silly publish    { del: '^2.2.0',
21 silly publish      fs: '0.0.2',
21 silly publish      gulp: '^3.9.1',
21 silly publish      'gulp-gh-pages': '^0.5.4',
21 silly publish      'gulp-rename': '^1.2.2',
21 silly publish      'gulp-replace': '^0.5.4',
21 silly publish      'gulp-rsync': '0.0.6',
21 silly publish      'gulp-zip': '^3.2.0',
21 silly publish      'merge-stream': '^1.0.0',
21 silly publish      'run-sequence': '^1.2.1' },
21 silly publish   scripts:
21 silly publish    { prepare: 'gulp prepare',
21 silly publish      archive: 'gulp archive',
21 silly publish      publish: 'gulp publish' },
21 silly publish   readme: '# talk about rxjs\n\n',
21 silly publish   readmeFilename: 'README.md',
21 silly publish   gitHead: '71c914fb5d8029617ca7687ed6c269dcaf2ed6ef',
21 silly publish   _id: 'shower@2.1.1',
21 silly publish   _shasum: '50e6da1d8191dfa8c040f3c74065569a7bfda6b2',
21 silly publish   _from: '.' }
22 verbose getPublishConfig undefined
23 silly mapToRegistry name shower
24 silly mapToRegistry using default registry
25 silly mapToRegistry registry https://registry.npmjs.org/
26 silly mapToRegistry data Result {
26 silly mapToRegistry   raw: 'shower',
26 silly mapToRegistry   scope: null,
26 silly mapToRegistry   name: 'shower',
26 silly mapToRegistry   rawSpec: '',
26 silly mapToRegistry   spec: 'latest',
26 silly mapToRegistry   type: 'tag' }
27 silly mapToRegistry uri https://registry.npmjs.org/shower
28 verbose publish registryBase https://registry.npmjs.org/
29 silly publish uploading /home/dmitry/.npm/shower/2.1.1/package.tgz
30 verbose stack Error: auth required for publishing
30 verbose stack     at CachingRegistryClient.publish (/usr/local/lib/node_modules/npm/node_modules/npm-registry-client/lib/publish.js:30:14)
30 verbose stack     at /usr/local/lib/node_modules/npm/lib/publish.js:137:14
30 verbose stack     at mapToRegistry (/usr/local/lib/node_modules/npm/lib/utils/map-to-registry.js:62:3)
30 verbose stack     at publish_ (/usr/local/lib/node_modules/npm/lib/publish.js:106:3)
30 verbose stack     at Array.<anonymous> (/usr/local/lib/node_modules/npm/node_modules/slide/lib/bind-actor.js:15:8)
30 verbose stack     at LOOP (/usr/local/lib/node_modules/npm/node_modules/slide/lib/chain.js:15:14)
30 verbose stack     at LOOP (/usr/local/lib/node_modules/npm/node_modules/slide/lib/chain.js:14:28)
30 verbose stack     at chain (/usr/local/lib/node_modules/npm/node_modules/slide/lib/chain.js:20:5)
30 verbose stack     at /usr/local/lib/node_modules/npm/lib/publish.js:72:5
30 verbose stack     at RES (/usr/local/lib/node_modules/npm/node_modules/inflight/inflight.js:23:14)
31 verbose cwd /home/dmitry/projects/async
32 error Linux 3.13.0-24-generic
33 error argv "/usr/local/bin/node" "/usr/local/bin/npm" "publish"
34 error node v5.10.1
35 error npm  v3.8.3
36 error code ENEEDAUTH
37 error need auth auth required for publishing
38 error need auth You need to authorize this machine using `npm adduser`
39 verbose exit [ 1, true ]
